2024-04-06T10:45:38:INFO: { "OS": "Linux", "video_adapter_driver_info": ["", ""], "screen_size": (3840, 2160), "screen_dpi": 163, "screen_scale": 1, "cores": 24, "locale": "en_US" }
2024-04-06T10:45:38:INFO: [step_commands: 0]
Godot Engine v4.2.1.stable.official (c) 2007-present Juan Linietsky, Ariel Manzur & Godot Contributors.
--- Debug adapter server started ---
--- GDScript language server started on port 6008 ---
  not all arguments converted during string formatting

2024-04-06T10:45:40:INFO: [step_commands: 1]
Godot Engine v4.2.1.stable.official (c) 2007-present Juan Linietsky, Ariel Manzur & Godot Contributors.
--- Debug adapter server started ---
--- GDScript language server started on port 6008 ---
  not all arguments converted during string formatting
  scene/gui/control.cpp:1440 - Nodes with non-equal opposite anchors will have their size overridden after _ready(). 
  If you want to set size, change the anchors or consider using set_deferred().

2024-04-06T10:45:47:INFO: [step_commands: 2]
Godot Engine v4.2.1.stable.official.b09f793f5 - https://godotengine.org
OpenGL API 4.6 (Core Profile) Mesa 24.0.0-1pop0~1706872735~22.04~0fa430c - Compatibility - Using Device: AMD - AMD Radeon RX 6600 XT (radeonsi, navi23, LLVM 15.0.7, DRM 3.57, 6.8.0-76060800daily20240311-generic)
 
--- Debugging process stopped ---

2024-04-06T10:45:48:INFO: [step_commands: 3]
Godot Engine v4.2.1.stable.official.b09f793f5 - https://godotengine.org
OpenGL API 4.6 (Core Profile) Mesa 24.0.0-1pop0~1706872735~22.04~0fa430c - Compatibility - Using Device: AMD - AMD Radeon RX 6600 XT (radeonsi, navi23, LLVM 15.0.7, DRM 3.57, 6.8.0-76060800daily20240311-generic)
 
--- Debugging process stopped ---
  scene/gui/control.cpp:1440 - Nodes with non-equal opposite anchors will have their size overridden after _ready(). 
  If you want to set size, change the anchors or consider using set_deferred().

2024-04-06T10:45:51:INFO: [step_commands: 4]
Godot Engine v4.2.1.stable.official.b09f793f5 - https://godotengine.org
OpenGL API 4.6 (Core Profile) Mesa 24.0.0-1pop0~1706872735~22.04~0fa430c - Compatibility - Using Device: AMD - AMD Radeon RX 6600 XT (radeonsi, navi23, LLVM 15.0.7, DRM 3.57, 6.8.0-76060800daily20240311-generic)
 
--- Debugging process stopped ---
  scene/gui/control.cpp:1440 - Nodes with non-equal opposite anchors will have their size overridden after _ready(). 
  If you want to set size, change the anchors or consider using set_deferred().
  scene/gui/control.cpp:1440 - Nodes with non-equal opposite anchors will have their size overridden after _ready(). 
  If you want to set size, change the anchors or consider using set_deferred().

2024-04-06T10:45:54:INFO: [step_commands: 3]
Godot Engine v4.2.1.stable.official.b09f793f5 - https://godotengine.org
OpenGL API 4.6 (Core Profile) Mesa 24.0.0-1pop0~1706872735~22.04~0fa430c - Compatibility - Using Device: AMD - AMD Radeon RX 6600 XT (radeonsi, navi23, LLVM 15.0.7, DRM 3.57, 6.8.0-76060800daily20240311-generic)
 
--- Debugging process stopped ---
  scene/gui/control.cpp:1440 - Nodes with non-equal opposite anchors will have their size overridden after _ready(). 
  If you want to set size, change the anchors or consider using set_deferred().
  scene/gui/control.cpp:1440 - Nodes with non-equal opposite anchors will have their size overridden after _ready(). 
  If you want to set size, change the anchors or consider using set_deferred().
  scene/gui/control.cpp:1440 - Nodes with non-equal opposite anchors will have their size overridden after _ready(). 
  If you want to set size, change the anchors or consider using set_deferred().

2024-04-06T10:46:18:INFO: [step_commands: 2]
Godot Engine v4.2.1.stable.official.b09f793f5 - https://godotengine.org
OpenGL API 4.6 (Core Profile) Mesa 24.0.0-1pop0~1706872735~22.04~0fa430c - Compatibility - Using Device: AMD - AMD Radeon RX 6600 XT (radeonsi, navi23, LLVM 15.0.7, DRM 3.57, 6.8.0-76060800daily20240311-generic)
 
--- Debugging process stopped ---
  scene/gui/control.cpp:1440 - Nodes with non-equal opposite anchors will have their size overridden after _ready(). 
  If you want to set size, change the anchors or consider using set_deferred().
  scene/gui/control.cpp:1440 - Nodes with non-equal opposite anchors will have their size overridden after _ready(). 
  If you want to set size, change the anchors or consider using set_deferred().
  scene/gui/control.cpp:1440 - Nodes with non-equal opposite anchors will have their size overridden after _ready(). 
  If you want to set size, change the anchors or consider using set_deferred().
  scene/gui/control.cpp:1440 - Nodes with non-equal opposite anchors will have their size overridden after _ready(). 
  If you want to set size, change the anchors or consider using set_deferred().

2024-04-06T10:46:19:INFO: [step_commands: 1]
Godot Engine v4.2.1.stable.official.b09f793f5 - https://godotengine.org
OpenGL API 4.6 (Core Profile) Mesa 24.0.0-1pop0~1706872735~22.04~0fa430c - Compatibility - Using Device: AMD - AMD Radeon RX 6600 XT (radeonsi, navi23, LLVM 15.0.7, DRM 3.57, 6.8.0-76060800daily20240311-generic)
 
--- Debugging process stopped ---
  scene/gui/control.cpp:1440 - Nodes with non-equal opposite anchors will have their size overridden after _ready(). 
  If you want to set size, change the anchors or consider using set_deferred().
  scene/gui/control.cpp:1440 - Nodes with non-equal opposite anchors will have their size overridden after _ready(). 
  If you want to set size, change the anchors or consider using set_deferred().
  scene/gui/control.cpp:1440 - Nodes with non-equal opposite anchors will have their size overridden after _ready(). 
  If you want to set size, change the anchors or consider using set_deferred().
  scene/gui/control.cpp:1440 - Nodes with non-equal opposite anchors will have their size overridden after _ready(). 
  If you want to set size, change the anchors or consider using set_deferred().
  scene/gui/control.cpp:1440 - Nodes with non-equal opposite anchors will have their size overridden after _ready(). 
  If you want to set size, change the anchors or consider using set_deferred().

2024-04-06T10:46:20:INFO: [step_commands: 0]
Godot Engine v4.2.1.stable.official.b09f793f5 - https://godotengine.org
OpenGL API 4.6 (Core Profile) Mesa 24.0.0-1pop0~1706872735~22.04~0fa430c - Compatibility - Using Device: AMD - AMD Radeon RX 6600 XT (radeonsi, navi23, LLVM 15.0.7, DRM 3.57, 6.8.0-76060800daily20240311-generic)
 
--- Debugging process stopped ---
  scene/gui/control.cpp:1440 - Nodes with non-equal opposite anchors will have their size overridden after _ready(). 
  If you want to set size, change the anchors or consider using set_deferred().
  scene/gui/control.cpp:1440 - Nodes with non-equal opposite anchors will have their size overridden after _ready(). 
  If you want to set size, change the anchors or consider using set_deferred().
  scene/gui/control.cpp:1440 - Nodes with non-equal opposite anchors will have their size overridden after _ready(). 
  If you want to set size, change the anchors or consider using set_deferred().
  scene/gui/control.cpp:1440 - Nodes with non-equal opposite anchors will have their size overridden after _ready(). 
  If you want to set size, change the anchors or consider using set_deferred().
  scene/gui/control.cpp:1440 - Nodes with non-equal opposite anchors will have their size overridden after _ready(). 
  If you want to set size, change the anchors or consider using set_deferred().
  scene/gui/control.cpp:1440 - Nodes with non-equal opposite anchors will have their size overridden after _ready(). 
  If you want to set size, change the anchors or consider using set_deferred().

2024-04-06T10:48:17:INFO: [step_commands: 1]
Godot Engine v4.2.1.stable.official.b09f793f5 - https://godotengine.org
OpenGL API 4.6 (Core Profile) Mesa 24.0.0-1pop0~1706872735~22.04~0fa430c - Compatibility - Using Device: AMD - AMD Radeon RX 6600 XT (radeonsi, navi23, LLVM 15.0.7, DRM 3.57, 6.8.0-76060800daily20240311-generic)
 
--- Debugging process stopped ---
  scene/gui/control.cpp:1440 - Nodes with non-equal opposite anchors will have their size overridden after _ready(). 
  If you want to set size, change the anchors or consider using set_deferred().
  scene/gui/control.cpp:1440 - Nodes with non-equal opposite anchors will have their size overridden after _ready(). 
  If you want to set size, change the anchors or consider using set_deferred().
  scene/gui/control.cpp:1440 - Nodes with non-equal opposite anchors will have their size overridden after _ready(). 
  If you want to set size, change the anchors or consider using set_deferred().
  scene/gui/control.cpp:1440 - Nodes with non-equal opposite anchors will have their size overridden after _ready(). 
  If you want to set size, change the anchors or consider using set_deferred().
  scene/gui/control.cpp:1440 - Nodes with non-equal opposite anchors will have their size overridden after _ready(). 
  If you want to set size, change the anchors or consider using set_deferred().
  scene/gui/control.cpp:1440 - Nodes with non-equal opposite anchors will have their size overridden after _ready(). 
  If you want to set size, change the anchors or consider using set_deferred().
  scene/gui/control.cpp:1440 - Nodes with non-equal opposite anchors will have their size overridden after _ready(). 
  If you want to set size, change the anchors or consider using set_deferred().

2024-04-06T10:48:21:INFO: [step_commands: 2]
Godot Engine v4.2.1.stable.official.b09f793f5 - https://godotengine.org
OpenGL API 4.6 (Core Profile) Mesa 24.0.0-1pop0~1706872735~22.04~0fa430c - Compatibility - Using Device: AMD - AMD Radeon RX 6600 XT (radeonsi, navi23, LLVM 15.0.7, DRM 3.57, 6.8.0-76060800daily20240311-generic)
 
--- Debugging process stopped ---

2024-04-06T10:48:22:INFO: [step_commands: 3]
Godot Engine v4.2.1.stable.official.b09f793f5 - https://godotengine.org
OpenGL API 4.6 (Core Profile) Mesa 24.0.0-1pop0~1706872735~22.04~0fa430c - Compatibility - Using Device: AMD - AMD Radeon RX 6600 XT (radeonsi, navi23, LLVM 15.0.7, DRM 3.57, 6.8.0-76060800daily20240311-generic)
 
--- Debugging process stopped ---
  scene/gui/control.cpp:1440 - Nodes with non-equal opposite anchors will have their size overridden after _ready(). 
  If you want to set size, change the anchors or consider using set_deferred().

2024-04-06T10:48:25:INFO: [step_commands: 4]
Godot Engine v4.2.1.stable.official.b09f793f5 - https://godotengine.org
OpenGL API 4.6 (Core Profile) Mesa 24.0.0-1pop0~1706872735~22.04~0fa430c - Compatibility - Using Device: AMD - AMD Radeon RX 6600 XT (radeonsi, navi23, LLVM 15.0.7, DRM 3.57, 6.8.0-76060800daily20240311-generic)
 
--- Debugging process stopped ---
  scene/gui/control.cpp:1440 - Nodes with non-equal opposite anchors will have their size overridden after _ready(). 
  If you want to set size, change the anchors or consider using set_deferred().
  scene/gui/control.cpp:1440 - Nodes with non-equal opposite anchors will have their size overridden after _ready(). 
  If you want to set size, change the anchors or consider using set_deferred().

2024-04-06T10:48:28:INFO: [step_commands: 5]
Godot Engine v4.2.1.stable.official.b09f793f5 - https://godotengine.org
OpenGL API 4.6 (Core Profile) Mesa 24.0.0-1pop0~1706872735~22.04~0fa430c - Compatibility - Using Device: AMD - AMD Radeon RX 6600 XT (radeonsi, navi23, LLVM 15.0.7, DRM 3.57, 6.8.0-76060800daily20240311-generic)
 
--- Debugging process stopped ---
  scene/gui/control.cpp:1440 - Nodes with non-equal opposite anchors will have their size overridden after _ready(). 
  If you want to set size, change the anchors or consider using set_deferred().
  scene/gui/control.cpp:1440 - Nodes with non-equal opposite anchors will have their size overridden after _ready(). 
  If you want to set size, change the anchors or consider using set_deferred().
  scene/gui/control.cpp:1440 - Nodes with non-equal opposite anchors will have their size overridden after _ready(). 
  If you want to set size, change the anchors or consider using set_deferred().
ノードを生成

2024-04-06T10:48:29:INFO: [step_commands: 6]
Godot Engine v4.2.1.stable.official.b09f793f5 - https://godotengine.org
OpenGL API 4.6 (Core Profile) Mesa 24.0.0-1pop0~1706872735~22.04~0fa430c - Compatibility - Using Device: AMD - AMD Radeon RX 6600 XT (radeonsi, navi23, LLVM 15.0.7, DRM 3.57, 6.8.0-76060800daily20240311-generic)
 
--- Debugging process stopped ---
  scene/gui/control.cpp:1440 - Nodes with non-equal opposite anchors will have their size overridden after _ready(). 
  If you want to set size, change the anchors or consider using set_deferred().
  scene/gui/control.cpp:1440 - Nodes with non-equal opposite anchors will have their size overridden after _ready(). 
  If you want to set size, change the anchors or consider using set_deferred().
  scene/gui/control.cpp:1440 - Nodes with non-equal opposite anchors will have their size overridden after _ready(). 
  If you want to set size, change the anchors or consider using set_deferred().
ノードを生成
  scene/gui/control.cpp:1440 - Nodes with non-equal opposite anchors will have their size overridden after _ready(). 
  If you want to set size, change the anchors or consider using set_deferred().

2024-04-06T10:48:30:INFO: [step_commands: 7]
Godot Engine v4.2.1.stable.official.b09f793f5 - https://godotengine.org
OpenGL API 4.6 (Core Profile) Mesa 24.0.0-1pop0~1706872735~22.04~0fa430c - Compatibility - Using Device: AMD - AMD Radeon RX 6600 XT (radeonsi, navi23, LLVM 15.0.7, DRM 3.57, 6.8.0-76060800daily20240311-generic)
 
--- Debugging process stopped ---
  scene/gui/control.cpp:1440 - Nodes with non-equal opposite anchors will have their size overridden after _ready(). 
  If you want to set size, change the anchors or consider using set_deferred().
  scene/gui/control.cpp:1440 - Nodes with non-equal opposite anchors will have their size overridden after _ready(). 
  If you want to set size, change the anchors or consider using set_deferred().
  scene/gui/control.cpp:1440 - Nodes with non-equal opposite anchors will have their size overridden after _ready(). 
  If you want to set size, change the anchors or consider using set_deferred().
ノードを生成
  scene/gui/control.cpp:1440 - Nodes with non-equal opposite anchors will have their size overridden after _ready(). 
  If you want to set size, change the anchors or consider using set_deferred().
  scene/gui/control.cpp:1440 - Nodes with non-equal opposite anchors will have their size overridden after _ready(). 
  If you want to set size, change the anchors or consider using set_deferred().

2024-04-06T10:48:32:INFO: [step_commands: 8]
Godot Engine v4.2.1.stable.official.b09f793f5 - https://godotengine.org
OpenGL API 4.6 (Core Profile) Mesa 24.0.0-1pop0~1706872735~22.04~0fa430c - Compatibility - Using Device: AMD - AMD Radeon RX 6600 XT (radeonsi, navi23, LLVM 15.0.7, DRM 3.57, 6.8.0-76060800daily20240311-generic)
 
--- Debugging process stopped ---
  scene/gui/control.cpp:1440 - Nodes with non-equal opposite anchors will have their size overridden after _ready(). 
  If you want to set size, change the anchors or consider using set_deferred().
  scene/gui/control.cpp:1440 - Nodes with non-equal opposite anchors will have their size overridden after _ready(). 
  If you want to set size, change the anchors or consider using set_deferred().
  scene/gui/control.cpp:1440 - Nodes with non-equal opposite anchors will have their size overridden after _ready(). 
  If you want to set size, change the anchors or consider using set_deferred().
ノードを生成
  scene/gui/control.cpp:1440 - Nodes with non-equal opposite anchors will have their size overridden after _ready(). 
  If you want to set size, change the anchors or consider using set_deferred().
  scene/gui/control.cpp:1440 - Nodes with non-equal opposite anchors will have their size overridden after _ready(). 
  If you want to set size, change the anchors or consider using set_deferred().
  scene/gui/control.cpp:1440 - Nodes with non-equal opposite anchors will have their size overridden after _ready(). 
  If you want to set size, change the anchors or consider using set_deferred().

